<?xml version="1.0" encoding="UTF-8"?>
<testng-results ignored="0" total="1" passed="0" failed="1" skipped="0">
  <reporter-output>
  </reporter-output>
  <suite started-at="2023-11-22T21:12:36 ART" name="Suite" finished-at="2023-11-22T21:12:37 ART" duration-ms="482">
    <groups>
    </groups>
    <test started-at="2023-11-22T21:12:36 ART" name="Test-Suite-Chrome" finished-at="2023-11-22T21:12:37 ART" duration-ms="482">
      <class name="com.selenium.test.testTiendaMiaBusqueda">
        <test-method signature="BusquedaTiendaMia(java.lang.String)[pri:0, instance:com.selenium.test.testTiendaMiaBusqueda@28261e8e]" started-at="2023-11-22T21:12:36 ART" name="BusquedaTiendaMia" description="Tipear y buscar exitosamente prodcutos desde un archivo .xlsx" data-provider="DatosNuevos" finished-at="2023-11-22T21:12:37 ART" duration-ms="462" status="FAIL">
          <exception class="org.testng.internal.reflect.MethodMatcherException">
            <message>
              <![CDATA[
[public void com.selenium.test.testTiendaMiaBusqueda.BusquedaTiendaMia(java.lang.String) throws java.lang.Exception] has no parameters defined but was found to be using a data provider (either explicitly specified or inherited from class level annotation).
Data provider mismatch
Method: BusquedaTiendaMia([java.lang.String arg0])
Arguments: [(java.lang.String) LAVARROPA,(java.lang.String) LAVARROPA]]]>
            </message>
            <full-stacktrace>
              <![CDATA[org.testng.internal.reflect.MethodMatcherException: 
[public void com.selenium.test.testTiendaMiaBusqueda.BusquedaTiendaMia(java.lang.String) throws java.lang.Exception] has no parameters defined but was found to be using a data provider (either explicitly specified or inherited from class level annotation).
Data provider mismatch
Method: BusquedaTiendaMia([java.lang.String arg0])
Arguments: [(java.lang.String) LAVARROPA,(java.lang.String) LAVARROPA]
at org.testng.internal.reflect.DataProviderMethodMatcher.getConformingArguments(DataProviderMethodMatcher.java:46)
at org.testng.internal.Parameters.injectParameters(Parameters.java:909)
at org.testng.internal.invokers.MethodRunner.runInSequence(MethodRunner.java:37)
at org.testng.internal.invokers.TestInvoker$MethodInvocationAgent.invoke(TestInvoker.java:957)
at org.testng.internal.invokers.TestInvoker.invokeTestMethods(TestInvoker.java:200)
at org.testng.internal.invokers.TestMethodWorker.invokeTestMethods(TestMethodWorker.java:148)
at org.testng.internal.invokers.TestMethodWorker.run(TestMethodWorker.java:128)
at java.base/java.util.ArrayList.forEach(ArrayList.java:1511)
at org.testng.TestRunner.privateRun(TestRunner.java:848)
at org.testng.TestRunner.run(TestRunner.java:621)
at org.testng.SuiteRunner.runTest(SuiteRunner.java:443)
at org.testng.SuiteRunner.runSequentially(SuiteRunner.java:437)
at org.testng.SuiteRunner.privateRun(SuiteRunner.java:397)
at org.testng.SuiteRunner.run(SuiteRunner.java:336)
at org.testng.SuiteRunnerWorker.runSuite(SuiteRunnerWorker.java:52)
at org.testng.SuiteRunnerWorker.run(SuiteRunnerWorker.java:95)
at org.testng.TestNG.runSuitesSequentially(TestNG.java:1280)
at org.testng.TestNG.runSuitesLocally(TestNG.java:1200)
at org.testng.TestNG.runSuites(TestNG.java:1114)
at org.testng.TestNG.run(TestNG.java:1082)
at org.testng.remote.AbstractRemoteTestNG.run(AbstractRemoteTestNG.java:115)
at org.testng.remote.RemoteTestNG.initAndRun(RemoteTestNG.java:251)
at org.testng.remote.RemoteTestNG.main(RemoteTestNG.java:77)
]]>
            </full-stacktrace>
          </exception> <!-- org.testng.internal.reflect.MethodMatcherException -->
          <reporter-output>
          </reporter-output>
        </test-method> <!-- BusquedaTiendaMia -->
      </class> <!-- com.selenium.test.testTiendaMiaBusqueda -->
    </test> <!-- Test-Suite-Chrome -->
  </suite> <!-- Suite -->
</testng-results>
